<?xml version="1.0" encoding="UTF-8"?>
<!-- Generated by org.testng.reporters.JUnitReportReporter -->
<testsuite hostname="DESKTOP-NO6ENTF" failures="0" tests="1" name="testscript.ManageFooterTest" time="8.285" errors="0" timestamp="2025-06-30T10:53:05 IST" skipped="0">
  <testcase classname="testscript.ManageFooterTest" name="addNewCategory" time="8.285"/>
</testsuite> <!-- testscript.ManageFooterTest -->
