<?xml version="1.0" encoding="UTF-8"?>
<!-- Generated by org.testng.reporters.JUnitReportReporter -->
<testsuite hostname="DESKTOP-NO6ENTF" failures="0" tests="1" name="testscript.ManageFooterTest" time="7.748" errors="0" timestamp="2025-06-27T18:37:37 IST" skipped="0">
  <testcase classname="testscript.ManageFooterTest" name="addNewCategory" time="7.748"/>
</testsuite> <!-- testscript.ManageFooterTest -->
