<?xml version="1.0" encoding="UTF-8"?>
<!-- Generated by org.testng.reporters.JUnitReportReporter -->
<testsuite hostname="DESKTOP-NO6ENTF" failures="0" tests="4" name="testscript.LoginTest" time="24.681" errors="0" timestamp="2025-06-27T18:37:37 IST" skipped="0">
  <testcase classname="testscript.LoginTest" name="verifyTheUserIsAbleToLoginWithValidCredentials" time="5.787"/>
  <testcase classname="testscript.LoginTest" name="verifyTheUserIsAbleToLoginWithInvalidCredentials" time="7.286"/>
  <testcase classname="testscript.LoginTest" name="verifyTheUserIsAbleToLoginWithInvalidUsername" time="5.976"/>
  <testcase classname="testscript.LoginTest" name="verifyTheUserIsAbleToLoginWithInvalidPassword" time="5.632"/>
</testsuite> <!-- testscript.LoginTest -->
