<?xml version="1.0" encoding="UTF-8"?>
<!-- Generated by org.testng.reporters.JUnitReportReporter -->
<testsuite hostname="DESKTOP-NO6ENTF" failures="0" tests="4" name="testscript.LoginTest" time="24.242" errors="0" timestamp="2025-06-30T11:32:32 IST" skipped="0">
  <testcase classname="testscript.LoginTest" name="verifyTheUserIsAbleToLoginWithInvalidPassword" time="4.613"/>
  <testcase classname="testscript.LoginTest" name="verifyTheUserIsAbleToLoginWithValidCredentials" time="5.868"/>
  <testcase classname="testscript.LoginTest" name="verifyTheUserIsAbleToLoginWithInvalidUsername" time="5.322"/>
  <testcase classname="testscript.LoginTest" name="verifyTheUserIsAbleToLoginWithInvalidCredentials" time="8.439"/>
</testsuite> <!-- testscript.LoginTest -->
