<?xml version="1.0" encoding="UTF-8"?>
<!-- Generated by org.testng.reporters.JUnitReportReporter -->
<testsuite hostname="DESKTOP-NO6ENTF" failures="0" tests="1" name="testscript.AdminUsersTest" time="12.539" errors="0" timestamp="2025-06-30T09:58:53 IST" skipped="0">
  <testcase classname="testscript.AdminUsersTest" name="whetherTheUserIsAbleToUpdateTheUser" time="12.539"/>
</testsuite> <!-- testscript.AdminUsersTest -->
