<?xml version="1.0" encoding="UTF-8"?>
<!-- Generated by org.testng.reporters.JUnitReportReporter -->
<testsuite hostname="DESKTOP-NO6ENTF" failures="0" tests="2" name="testscript.ManageContactTest" time="14.866" errors="0" timestamp="2025-06-27T18:37:37 IST" skipped="0">
  <testcase classname="testscript.ManageContactTest" name="isTheUserAbleToClickManageContact" time="7.868"/>
  <testcase classname="testscript.ManageContactTest" name="whetherTheUpdateButtonIsVisible" time="6.998"/>
</testsuite> <!-- testscript.ManageContactTest -->
