<?xml version="1.0" encoding="UTF-8"?>
<!-- Generated by org.testng.reporters.JUnitReportReporter -->
<testsuite hostname="DESKTOP-NO6ENTF" failures="0" tests="2" name="testscript.ManageContactTest" time="14.579" errors="0" timestamp="2025-06-30T10:53:05 IST" skipped="0">
  <testcase classname="testscript.ManageContactTest" name="isTheUserAbleToClickManageContact" time="8.045"/>
  <testcase classname="testscript.ManageContactTest" name="whetherTheUpdateButtonIsVisible" time="6.534"/>
</testsuite> <!-- testscript.ManageContactTest -->
