<?xml version="1.0" encoding="UTF-8"?>
<!-- Generated by org.testng.reporters.JUnitReportReporter -->
<testsuite hostname="DESKTOP-NO6ENTF" failures="0" tests="2" name="testscript.LogOutTest" time="20.836" errors="0" timestamp="2025-06-30T11:32:58 IST" skipped="0">
  <testcase classname="testscript.LogOutTest" name="isTheUserAbleToLogOut" time="10.343"/>
  <testcase classname="testscript.LogOutTest" name="isTheUserAbleToLogOut" time="10.493"/>
</testsuite> <!-- testscript.LogOutTest -->
