<?xml version="1.0" encoding="UTF-8"?>
<!-- Generated by org.testng.reporters.JUnitReportReporter -->
<testsuite hostname="DESKTOP-NO6ENTF" failures="0" tests="1" name="testscript.ManageNewsTest" time="10.779" errors="0" timestamp="2025-06-30T11:32:32 IST" skipped="0">
  <testcase classname="testscript.ManageNewsTest" name="addNews" time="10.779"/>
</testsuite> <!-- testscript.ManageNewsTest -->
