<?xml version="1.0" encoding="UTF-8"?>
<!-- Generated by org.testng.reporters.JUnitReportReporter -->
<testsuite hostname="DESKTOP-NO6ENTF" failures="0" tests="1" name="testscript.LoginTest" time="14.447" errors="0" timestamp="2025-06-30T21:01:56 IST" skipped="0">
  <testcase classname="testscript.LoginTest" name="verifyTheUserIsAbleToLoginWithValidCredentials" time="14.447"/>
</testsuite> <!-- testscript.LoginTest -->
